<?xml version="1.0" encoding="UTF-8"?>
<testsuite name="demolition.AppTest" tests="4" skipped="0" failures="0" errors="0" timestamp="2021-11-02T11:15:18" hostname="XOMEN" time="5.379">
  <properties/>
  <testcase name="basicTest()" classname="demolition.AppTest" time="1.901"/>
  <testcase name="yellowEnemyTest()" classname="demolition.AppTest" time="1.12"/>
  <testcase name="redEnemyTest()" classname="demolition.AppTest" time="1.158"/>
  <testcase name="bombTest()" classname="demolition.AppTest" time="1.195"/>
  <system-out><![CDATA[]]></system-out>
  <system-err><![CDATA[java.lang.NullPointerException
	at demolition.App.draw(App.java:174)
	at processing.core.PApplet.handleDraw(PApplet.java:2426)
	at processing.awt.PSurfaceAWT$12.callDraw(PSurfaceAWT.java:1557)
	at processing.core.PSurfaceNone$AnimationThread.run(PSurfaceNone.java:316)
java.lang.NullPointerException
	at demolition.App.draw(App.java:174)
	at processing.core.PApplet.handleDraw(PApplet.java:2426)
	at processing.awt.PSurfaceAWT$12.callDraw(PSurfaceAWT.java:1557)
	at processing.core.PSurfaceNone$AnimationThread.run(PSurfaceNone.java:316)
]]></system-err>
</testsuite>
