<?xml version="1.0" encoding="UTF-8"?>
<testsuite name="demolition.AppTest" tests="3" skipped="0" failures="0" errors="0" timestamp="2021-11-02T06:41:54" hostname="XOMEN" time="3.439">
  <properties/>
  <testcase name="basicTest()" classname="demolition.AppTest" time="1.307"/>
  <testcase name="yellowEnemyTest()" classname="demolition.AppTest" time="1.061"/>
  <testcase name="redEnemyTest()" classname="demolition.AppTest" time="1.07"/>
  <system-out><![CDATA[]]></system-out>
  <system-err><![CDATA[java.lang.NullPointerException
	at demolition.App.draw(App.java:187)
	at processing.core.PApplet.handleDraw(PApplet.java:2426)
	at processing.awt.PSurfaceAWT$12.callDraw(PSurfaceAWT.java:1557)
	at processing.core.PSurfaceNone$AnimationThread.run(PSurfaceNone.java:316)
]]></system-err>
</testsuite>
