<?xml version="1.0" encoding="UTF-8"?>
<testsuite name="demolition.KillMoving" tests="4" skipped="0" failures="0" errors="0" timestamp="2021-11-01T06:16:29" hostname="XOMEN" time="0.01">
  <properties/>
  <testcase name="meetPlayerTest()" classname="demolition.KillMoving" time="0.003"/>
  <testcase name="bombTestRed()" classname="demolition.KillMoving" time="0.003"/>
  <testcase name="bombTestBroken()" classname="demolition.KillMoving" time="0.001"/>
  <testcase name="bombTestYellow()" classname="demolition.KillMoving" time="0.001"/>
  <system-out><![CDATA[]]></system-out>
  <system-err><![CDATA[]]></system-err>
</testsuite>
