<?xml version="1.0" encoding="UTF-8"?>
<testsuite name="demolition.checkWinTest" tests="1" skipped="0" failures="0" errors="0" timestamp="2021-11-02T13:54:20" hostname="XOMEN" time="0.003">
  <properties/>
  <testcase name="checkWin()" classname="demolition.checkWinTest" time="0.003"/>
  <system-out><![CDATA[]]></system-out>
  <system-err><![CDATA[]]></system-err>
</testsuite>
