<?xml version="1.0" encoding="UTF-8"?>
<testsuite name="demolition.AppTest" tests="1" skipped="0" failures="0" errors="0" timestamp="2021-11-01T07:37:19" hostname="XOMEN" time="0.026">
  <properties/>
  <testcase name="basicTest()" classname="demolition.AppTest" time="0.026"/>
  <system-out><![CDATA[]]></system-out>
  <system-err><![CDATA[]]></system-err>
</testsuite>
